Using pre-set license

 COMMAND LINE ARGUMENTS:
/Applications/Unity/Hub/Editor/2020.2.2f1/Unity.app/Contents/MacOS/Unity
-adb2
-batchMode
-noUpm
-name
AssetImportWorker0
-projectPath
/Users/nice/Documents/GitHub/cs426_ghostibles/ghostibles
-logFile
Logs/AssetImportWorker0.log
-srvPort
53762
Successfully changed project path to: /Users/nice/Documents/GitHub/cs426_ghostibles/ghostibles
/Users/nice/Documents/GitHub/cs426_ghostibles/ghostibles
Using Asset Import Pipeline V2.
Refreshing native plugins compatible for Editor in 176.74 ms, found 1 plugins.
Preloading 0 native plugins for Editor in 0.00 ms.
Initialize engine version: 2020.2.2f1 (068178b99f32)
[Subsystems] Discovering subsystems at path /Applications/Unity/Hub/Editor/2020.2.2f1/Unity.app/Contents/Resources/UnitySubsystems
[Subsystems] Discovering subsystems at path /Users/nice/Documents/GitHub/cs426_ghostibles/ghostibles/Assets
GfxDevice: creating device client; threaded=0
2021-04-19 12:46:49.675 Unity[25424:3799888] Color LCD preferred device: Intel(R) Iris(TM) Plus Graphics 645 (low power)
2021-04-19 12:46:49.675 Unity[25424:3799888] Metal devices available: 1
2021-04-19 12:46:49.675 Unity[25424:3799888] 0: Intel(R) Iris(TM) Plus Graphics 645 (low power)
2021-04-19 12:46:49.676 Unity[25424:3799888] Using device Intel(R) Iris(TM) Plus Graphics 645 (low power)
Initializing Metal device caps: Intel(R) Iris(TM) Plus Graphics 645
Shader 'Universal Render Pipeline/Particles/Lit': fallback shader 'Universal Render Pipeline/Particles/SimpleLit' not found
Initialize mono
Mono path[0] = '/Applications/Unity/Hub/Editor/2020.2.2f1/Unity.app/Contents/Managed'
Mono path[1] = '/Applications/Unity/Hub/Editor/2020.2.2f1/Unity.app/Contents/MonoBleedingEdge/lib/mono/unityjit'
Mono config path = '/Applications/Unity/Hub/Editor/2020.2.2f1/Unity.app/Contents/MonoBleedingEdge/etc'
Using monoOptions --debugger-agent=transport=dt_socket,embedding=1,server=y,suspend=n,address=127.0.0.1:56424
Begin MonoManager ReloadAssembly
Registering precompiled unity dll's ...
Register platform support module: /Applications/Unity/Hub/Editor/2020.2.2f1/Unity.app/Contents/PlaybackEngines/MacStandaloneSupport/UnityEditor.OSXStandalone.Extensions.dll
Register platform support module: /Applications/Unity/Hub/Editor/2020.2.2f1/PlaybackEngines/WindowsStandaloneSupport/UnityEditor.WindowsStandalone.Extensions.dll
Registered in 0.003534 seconds.
Native extension for WindowsStandalone target not found
Native extension for OSXStandalone target not found
Refreshing native plugins compatible for Editor in 54.33 ms, found 1 plugins.
Preloading 0 native plugins for Editor in 0.00 ms.
Invoked RoslynAnalysisRunner static constructor.
RoslynAnalysisRunner will not be running.
RoslynAnalysisRunner has terminated.
Mono: successfully reloaded assembly
- Completed reload, in  3.594 seconds
Platform modules already initialized, skipping
Registering precompiled user dll's ...
Registered in 0.002732 seconds.
Begin MonoManager ReloadAssembly
Native extension for WindowsStandalone target not found
Native extension for OSXStandalone target not found
Refreshing native plugins compatible for Editor in 72.53 ms, found 1 plugins.
Preloading 0 native plugins for Editor in 0.00 ms.
Invoked RoslynAnalysisRunner static constructor.
RoslynAnalysisRunner will not be running.
RoslynAnalysisRunner has terminated.
Mono: successfully reloaded assembly
- Completed reload, in  1.303 seconds
Platform modules already initialized, skipping
========================================================================
Worker process is ready to serve import requests
Shader 'Universal Render Pipeline/Particles/Lit': fallback shader 'Universal Render Pipeline/Particles/SimpleLit' not found
Launching external process: /Applications/Unity/Hub/Editor/2020.2.2f1/Unity.app/Contents/Tools/UnityShaderCompiler
Launched and connected shader compiler UnityShaderCompiler after 0.03 seconds
Refreshing native plugins compatible for Editor in 0.63 ms, found 1 plugins.
Preloading 0 native plugins for Editor in 0.00 ms.
Unloading 2364 Unused Serialized files (Serialized files now loaded: 0)
System memory in use before: 253.6 MB.
System memory in use after: 253.8 MB.

Unloading 9 unused Assets to reduce memory usage. Loaded Objects now: 2817.
Total: 5.095073 ms (FindLiveObjects: 0.664546 ms CreateObjectMapping: 0.327418 ms MarkObjects: 4.052084 ms  DeleteObjects: 0.048344 ms)

========================================================================
Received Import Request.
  path: Assets/Scripts/CharacterController1.cs
  artifactKey: Guid(fabd96c6667fa49edb6d1a341b6997c8) Importer(815301076,1909f56bfc062723c751e8b465ee728b)
Start importing Assets/Scripts/CharacterController1.cs using Guid(fabd96c6667fa49edb6d1a341b6997c8) Importer(815301076,1909f56bfc062723c751e8b465ee728b)  -> (artifact id: '228e699eee90a50496cf1d4f05d44bf3') in 0.634953 seconds
  Import took 0.647818 seconds .

========================================================================
Received Prepare
Registering precompiled user dll's ...
Registered in 0.000909 seconds.
Begin MonoManager ReloadAssembly
Native extension for WindowsStandalone target not found
Native extension for OSXStandalone target not found
Refreshing native plugins compatible for Editor in 0.63 ms, found 1 plugins.
Preloading 0 native plugins for Editor in 0.00 ms.
Invoked RoslynAnalysisRunner static constructor.
RoslynAnalysisRunner will not be running.
RoslynAnalysisRunner has terminated.
Mono: successfully reloaded assembly
- Completed reload, in  1.006 seconds
Platform modules already initialized, skipping
Shader 'Universal Render Pipeline/Particles/Lit': fallback shader 'Universal Render Pipeline/Particles/SimpleLit' not found
Refreshing native plugins compatible for Editor in 0.53 ms, found 1 plugins.
Preloading 0 native plugins for Editor in 0.00 ms.
Unloading 2303 Unused Serialized files (Serialized files now loaded: 0)
System memory in use before: 254.9 MB.
System memory in use after: 255.1 MB.

Unloading 5 unused Assets to reduce memory usage. Loaded Objects now: 2819.
Total: 3.488961 ms (FindLiveObjects: 0.460812 ms CreateObjectMapping: 0.212553 ms MarkObjects: 2.779349 ms  DeleteObjects: 0.034137 ms)

========================================================================
Received Import Request.
  Time since last request: 209.551634 seconds.
  path: Assets/Scripts/CharacterController1.cs
  artifactKey: Guid(fabd96c6667fa49edb6d1a341b6997c8) Importer(815301076,1909f56bfc062723c751e8b465ee728b)
Start importing Assets/Scripts/CharacterController1.cs using Guid(fabd96c6667fa49edb6d1a341b6997c8) Importer(815301076,1909f56bfc062723c751e8b465ee728b)  -> (artifact id: 'c1959348f92b60906955f356dd01ee83') in 0.016878 seconds
  Import took 0.025161 seconds .

========================================================================
Received Prepare
Registering precompiled user dll's ...
Registered in 0.000923 seconds.
Begin MonoManager ReloadAssembly
Native extension for WindowsStandalone target not found
Native extension for OSXStandalone target not found
Refreshing native plugins compatible for Editor in 0.54 ms, found 1 plugins.
Preloading 0 native plugins for Editor in 0.00 ms.
Invoked RoslynAnalysisRunner static constructor.
RoslynAnalysisRunner will not be running.
RoslynAnalysisRunner has terminated.
Mono: successfully reloaded assembly
- Completed reload, in  0.996 seconds
Platform modules already initialized, skipping
Shader 'Universal Render Pipeline/Particles/Lit': fallback shader 'Universal Render Pipeline/Particles/SimpleLit' not found
Refreshing native plugins compatible for Editor in 0.65 ms, found 1 plugins.
Preloading 0 native plugins for Editor in 0.00 ms.
Unloading 2303 Unused Serialized files (Serialized files now loaded: 0)
System memory in use before: 255.2 MB.
System memory in use after: 255.4 MB.

Unloading 5 unused Assets to reduce memory usage. Loaded Objects now: 2821.
Total: 2.236484 ms (FindLiveObjects: 0.258947 ms CreateObjectMapping: 0.114139 ms MarkObjects: 1.845252 ms  DeleteObjects: 0.016679 ms)

